<?xml version="1.0" encoding="UTF-8"?>
<!-- Generated by org.testng.reporters.JUnitReportReporter -->
<testsuite hostname="M4L-FAC-SUNIL" name="DEmoTestng.Demo5" tests="6" failures="0" timestamp="28 May 2019 06:45:43 GMT" time="0.063" errors="0">
  <testcase name="Test2" time="0.003" classname="DEmoTestng.Demo5"/>
  <testcase name="Test3" time="0.004" classname="DEmoTestng.Demo5"/>
  <testcase name="Test2" time="0.003" classname="DEmoTestng.Demo5"/>
  <testcase name="Test3" time="0.003" classname="DEmoTestng.Demo5"/>
  <testcase name="Test1" time="0.025" classname="DEmoTestng.Demo5"/>
  <testcase name="Test1" time="0.025" classname="DEmoTestng.Demo5"/>
</testsuite> <!-- DEmoTestng.Demo5 -->
