<?xml version="1.0" encoding="UTF-8"?>
<!-- Generated by org.testng.reporters.JUnitReportReporter -->
<testsuite hostname="M4L-FAC-SUNIL" name="DEmoTestng.Demo6" tests="2" failures="0" timestamp="28 May 2019 07:09:34 GMT" time="17.771" errors="0">
  <testcase name="testcase" time="7.468" classname="DEmoTestng.Demo6"/>
  <testcase name="testcase" time="10.303" classname="DEmoTestng.Demo6"/>
</testsuite> <!-- DEmoTestng.Demo6 -->
