<?xml version="1.0" encoding="UTF-8"?>
<!-- Generated by org.testng.reporters.JUnitReportReporter -->
<testsuite hostname="M4L-FAC-SUNIL" name="DEmoTestng.Demo7" tests="1" failures="0" timestamp="29 May 2019 07:09:32 GMT" time="16.179" errors="0">
  <testcase name="RMtestcase" time="16.179" classname="DEmoTestng.Demo7"/>
</testsuite> <!-- DEmoTestng.Demo7 -->
