<?xml version="1.0" encoding="UTF-8"?>
<!-- Generated by org.testng.reporters.JUnitReportReporter -->
<testsuite hostname="M4L-FAC-SUNIL" name="DEmoTestng.Demo3" tests="5" failures="0" timestamp="27 May 2019 07:33:30 GMT" time="0.039" errors="0">
  <testcase name="sunil" time="0.023" classname="DEmoTestng.Demo3"/>
  <testcase name="Lion" time="0.004" classname="DEmoTestng.Demo3"/>
  <testcase name="testcase" time="0.005" classname="DEmoTestng.Demo3"/>
  <testcase name="Elephant" time="0.004" classname="DEmoTestng.Demo3"/>
  <testcase name="Tiger" time="0.003" classname="DEmoTestng.Demo3"/>
</testsuite> <!-- DEmoTestng.Demo3 -->
