<?xml version="1.0" encoding="UTF-8"?>
<!-- Generated by org.testng.reporters.JUnitReportReporter -->
<testsuite hostname="M4L-FAC-SUNIL" name="DEmoTestng.Demo1" tests="2" failures="0" timestamp="23 May 2019 06:42:13 GMT" time="0.011" errors="0">
  <testcase name="sutest1" time="0.005" classname="DEmoTestng.Demo1"/>
  <testcase name="sutest" time="0.006" classname="DEmoTestng.Demo1"/>
</testsuite> <!-- DEmoTestng.Demo1 -->
