<?xml version="1.0" encoding="UTF-8"?>
<!-- Generated by org.testng.reporters.JUnitReportReporter -->
<testsuite hostname="M4L-FAC-SUNIL" name="DEmoTestng.Demo2" tests="1" failures="0" timestamp="23 May 2019 06:42:13 GMT" time="0.007" errors="0">
  <testcase name="sutest3" time="0.007" classname="DEmoTestng.Demo2"/>
</testsuite> <!-- DEmoTestng.Demo2 -->
